  FFT_OpenCL_data.cpp
  cl_version.h: CL_TARGET_OPENCL_VERSION is not defined. Defaulting to 300 (OpenCL 3.0)
C:\Users\u0da-win\Documents\VKR\VKR\FFT_OpenCL_data.cpp(13,26): warning C4838: conversion from 'int' to 'size_t' requires a narrowing conversion
C:\Users\u0da-win\Documents\VKR\VKR\FFT_OpenCL_data.cpp(13,33): warning C4838: conversion from 'int' to 'size_t' requires a narrowing conversion
C:\Users\u0da-win\Documents\VKR\VKR\FFT_OpenCL_data.cpp(43,74): warning C4244: 'argument': conversion from 'int' to 'float', possible loss of data
  Image.cpp
C:\Users\u0da-win\Documents\VKR\VKR\Image.cpp(15,13): warning C4996: 'fopen': This function or variable may be unsafe. Consider using fopen_s instead. To disable deprecation, use _CRT_SECURE_NO_WARNINGS. See online help for details.
C:\Users\u0da-win\Documents\VKR\VKR\Image.cpp(100,13): warning C4996: 'fopen': This function or variable may be unsafe. Consider using fopen_s instead. To disable deprecation, use _CRT_SECURE_NO_WARNINGS. See online help for details.
  main_OpenCL.cpp
  cl_version.h: CL_TARGET_OPENCL_VERSION is not defined. Defaulting to 300 (OpenCL 3.0)
C:\Users\u0da-win\Documents\VKR\VKR\main_OpenCL.cpp(29,2): warning C4996: 'vsprintf': This function or variable may be unsafe. Consider using vsprintf_s instead. To disable deprecation, use _CRT_SECURE_NO_WARNINGS. See online help for details.
C:\Users\u0da-win\Documents\VKR\VKR\main_OpenCL.cpp(83,3): warning C4996: 'sprintf': This function or variable may be unsafe. Consider using sprintf_s instead. To disable deprecation, use _CRT_SECURE_NO_WARNINGS. See online help for details.
C:\Users\u0da-win\Documents\VKR\VKR\main_OpenCL.cpp(150,16): warning C4996: 'fopen': This function or variable may be unsafe. Consider using fopen_s instead. To disable deprecation, use _CRT_SECURE_NO_WARNINGS. See online help for details.
C:\Users\u0da-win\Documents\VKR\VKR\main_OpenCL.cpp(220,20): warning C4018: '<': signed/unsigned mismatch
C:\Users\u0da-win\Documents\VKR\VKR\main_OpenCL.cpp(230,13): warning C4018: '>=': signed/unsigned mismatch
C:\Users\u0da-win\Documents\VKR\VKR\main_OpenCL.cpp(406,34): warning C4838: conversion from 'int' to 'size_t' requires a narrowing conversion
C:\Users\u0da-win\Documents\VKR\VKR\main_OpenCL.cpp(406,46): warning C4838: conversion from 'int' to 'size_t' requires a narrowing conversion
C:\Users\u0da-win\Documents\VKR\VKR\main_OpenCL.cpp(233,3): warning C4996: 'scanf': This function or variable may be unsafe. Consider using scanf_s instead. To disable deprecation, use _CRT_SECURE_NO_WARNINGS. See online help for details.
C:\Users\u0da-win\Documents\VKR\VKR\main_OpenCL.cpp(246,2): warning C4996: 'sscanf': This function or variable may be unsafe. Consider using sscanf_s instead. To disable deprecation, use _CRT_SECURE_NO_WARNINGS. See online help for details.
C:\Users\u0da-win\Documents\VKR\VKR\main_OpenCL.cpp(256,2): warning C4996: 'scanf': This function or variable may be unsafe. Consider using scanf_s instead. To disable deprecation, use _CRT_SECURE_NO_WARNINGS. See online help for details.
C:\Users\u0da-win\Documents\VKR\VKR\main_OpenCL.cpp(264,3): warning C4996: 'scanf': This function or variable may be unsafe. Consider using scanf_s instead. To disable deprecation, use _CRT_SECURE_NO_WARNINGS. See online help for details.
C:\Users\u0da-win\Documents\VKR\VKR\main_OpenCL.cpp(272,45): warning C4996: 'localtime': This function or variable may be unsafe. Consider using localtime_s instead. To disable deprecation, use _CRT_SECURE_NO_WARNINGS. See online help for details.
C:\Users\u0da-win\Documents\VKR\VKR\main_OpenCL.cpp(275,2): warning C4996: 'sprintf': This function or variable may be unsafe. Consider using sprintf_s instead. To disable deprecation, use _CRT_SECURE_NO_WARNINGS. See online help for details.
C:\Users\u0da-win\Documents\VKR\VKR\main_OpenCL.cpp(276,22): warning C4996: 'fopen': This function or variable may be unsafe. Consider using fopen_s instead. To disable deprecation, use _CRT_SECURE_NO_WARNINGS. See online help for details.
C:\Users\u0da-win\Documents\VKR\VKR\main_OpenCL.cpp(302,10): warning C4996: 'clCreateCommandQueue': was declared deprecated
C:\Users\u0da-win\Documents\VKR\VKR\main_OpenCL.cpp(581,43): warning C4996: 'localtime': This function or variable may be unsafe. Consider using localtime_s instead. To disable deprecation, use _CRT_SECURE_NO_WARNINGS. See online help for details.
C:\Users\u0da-win\Documents\VKR\VKR\main_OpenCL.cpp(582,26): warning C4996: 'fopen': This function or variable may be unsafe. Consider using fopen_s instead. To disable deprecation, use _CRT_SECURE_NO_WARNINGS. See online help for details.
  Cl_Buffer_pair.cpp
  cl_version.h: CL_TARGET_OPENCL_VERSION is not defined. Defaulting to 300 (OpenCL 3.0)
  Generating Code...
FFT_OpenCL_data.obj : error LNK2019: unresolved external symbol _clCreateBuffer@24 referenced in function "public: int __thiscall FFT_OpenCL_data::Init(int,int,struct _cl_context *,struct _cl_command_queue *,int,enum clfftDirection_)" (?Init@FFT_OpenCL_data@@QAEHHHPAU_cl_context@@PAU_cl_command_queue@@HW4clfftDirection_@@@Z)
Cl_Buffer_pair.obj : error LNK2001: unresolved external symbol _clCreateBuffer@24
FFT_OpenCL_data.obj : error LNK2019: unresolved external symbol _clReleaseMemObject@4 referenced in function "private: void __thiscall FFT_OpenCL_data::destroy(void)" (?destroy@FFT_OpenCL_data@@AAEXXZ)
main_OpenCL.obj : error LNK2001: unresolved external symbol _clReleaseMemObject@4
Cl_Buffer_pair.obj : error LNK2001: unresolved external symbol _clReleaseMemObject@4
FFT_OpenCL_data.obj : error LNK2019: unresolved external symbol __imp__clfftCreateDefaultPlan referenced in function "public: int __thiscall FFT_OpenCL_data::Init(int,int,struct _cl_context *,struct _cl_command_queue *,int,enum clfftDirection_)" (?Init@FFT_OpenCL_data@@QAEHHHPAU_cl_context@@PAU_cl_command_queue@@HW4clfftDirection_@@@Z)
FFT_OpenCL_data.obj : error LNK2019: unresolved external symbol __imp__clfftBakePlan referenced in function "public: int __thiscall FFT_OpenCL_data::Init(int,int,struct _cl_context *,struct _cl_command_queue *,int,enum clfftDirection_)" (?Init@FFT_OpenCL_data@@QAEHHHPAU_cl_context@@PAU_cl_command_queue@@HW4clfftDirection_@@@Z)
FFT_OpenCL_data.obj : error LNK2019: unresolved external symbol __imp__clfftDestroyPlan referenced in function "private: void __thiscall FFT_OpenCL_data::destroy(void)" (?destroy@FFT_OpenCL_data@@AAEXXZ)
FFT_OpenCL_data.obj : error LNK2019: unresolved external symbol __imp__clfftSetPlanPrecision referenced in function "public: int __thiscall FFT_OpenCL_data::Init(int,int,struct _cl_context *,struct _cl_command_queue *,int,enum clfftDirection_)" (?Init@FFT_OpenCL_data@@QAEHHHPAU_cl_context@@PAU_cl_command_queue@@HW4clfftDirection_@@@Z)
FFT_OpenCL_data.obj : error LNK2019: unresolved external symbol __imp__clfftSetPlanScale referenced in function "public: int __thiscall FFT_OpenCL_data::Init(int,int,struct _cl_context *,struct _cl_command_queue *,int,enum clfftDirection_)" (?Init@FFT_OpenCL_data@@QAEHHHPAU_cl_context@@PAU_cl_command_queue@@HW4clfftDirection_@@@Z)
FFT_OpenCL_data.obj : error LNK2019: unresolved external symbol __imp__clfftSetPlanBatchSize referenced in function "public: int __thiscall FFT_OpenCL_data::Init(int,int,struct _cl_context *,struct _cl_command_queue *,int,enum clfftDirection_)" (?Init@FFT_OpenCL_data@@QAEHHHPAU_cl_context@@PAU_cl_command_queue@@HW4clfftDirection_@@@Z)
FFT_OpenCL_data.obj : error LNK2019: unresolved external symbol __imp__clfftSetPlanDistance referenced in function "public: int __thiscall FFT_OpenCL_data::Init(int,int,struct _cl_context *,struct _cl_command_queue *,int,enum clfftDirection_)" (?Init@FFT_OpenCL_data@@QAEHHHPAU_cl_context@@PAU_cl_command_queue@@HW4clfftDirection_@@@Z)
FFT_OpenCL_data.obj : error LNK2019: unresolved external symbol __imp__clfftSetLayout referenced in function "public: int __thiscall FFT_OpenCL_data::Init(int,int,struct _cl_context *,struct _cl_command_queue *,int,enum clfftDirection_)" (?Init@FFT_OpenCL_data@@QAEHHHPAU_cl_context@@PAU_cl_command_queue@@HW4clfftDirection_@@@Z)
FFT_OpenCL_data.obj : error LNK2019: unresolved external symbol __imp__clfftSetResultLocation referenced in function "public: int __thiscall FFT_OpenCL_data::Init(int,int,struct _cl_context *,struct _cl_command_queue *,int,enum clfftDirection_)" (?Init@FFT_OpenCL_data@@QAEHHHPAU_cl_context@@PAU_cl_command_queue@@HW4clfftDirection_@@@Z)
FFT_OpenCL_data.obj : error LNK2019: unresolved external symbol __imp__clfftGetTmpBufSize referenced in function "public: int __thiscall FFT_OpenCL_data::Init(int,int,struct _cl_context *,struct _cl_command_queue *,int,enum clfftDirection_)" (?Init@FFT_OpenCL_data@@QAEHHHPAU_cl_context@@PAU_cl_command_queue@@HW4clfftDirection_@@@Z)
Image.obj : error LNK2019: unresolved external symbol _png_set_sig_bytes referenced in function "public: static class Image __cdecl Image::readFromPngFile(char const *)" (?readFromPngFile@Image@@SA?AV1@PBD@Z)
Image.obj : error LNK2019: unresolved external symbol _png_sig_cmp referenced in function "public: static class Image __cdecl Image::readFromPngFile(char const *)" (?readFromPngFile@Image@@SA?AV1@PBD@Z)
Image.obj : error LNK2019: unresolved external symbol _png_create_read_struct referenced in function "public: static class Image __cdecl Image::readFromPngFile(char const *)" (?readFromPngFile@Image@@SA?AV1@PBD@Z)
Image.obj : error LNK2019: unresolved external symbol _png_create_write_struct referenced in function "public: void __thiscall Image::writeToPngFile(char const *)" (?writeToPngFile@Image@@QAEXPBD@Z)
Image.obj : error LNK2019: unresolved external symbol _png_set_longjmp_fn referenced in function "public: static class Image __cdecl Image::readFromPngFile(char const *)" (?readFromPngFile@Image@@SA?AV1@PBD@Z)
Image.obj : error LNK2019: unresolved external symbol _png_create_info_struct referenced in function "public: static class Image __cdecl Image::readFromPngFile(char const *)" (?readFromPngFile@Image@@SA?AV1@PBD@Z)
Image.obj : error LNK2019: unresolved external symbol _png_write_info referenced in function "public: void __thiscall Image::writeToPngFile(char const *)" (?writeToPngFile@Image@@QAEXPBD@Z)
Image.obj : error LNK2019: unresolved external symbol _png_read_info referenced in function "public: static class Image __cdecl Image::readFromPngFile(char const *)" (?readFromPngFile@Image@@SA?AV1@PBD@Z)
Image.obj : error LNK2019: unresolved external symbol _png_set_rgb_to_gray referenced in function "public: static class Image __cdecl Image::readFromPngFile(char const *)" (?readFromPngFile@Image@@SA?AV1@PBD@Z)
Image.obj : error LNK2019: unresolved external symbol _png_set_interlace_handling referenced in function "public: static class Image __cdecl Image::readFromPngFile(char const *)" (?readFromPngFile@Image@@SA?AV1@PBD@Z)
Image.obj : error LNK2019: unresolved external symbol _png_read_update_info referenced in function "public: static class Image __cdecl Image::readFromPngFile(char const *)" (?readFromPngFile@Image@@SA?AV1@PBD@Z)
Image.obj : error LNK2019: unresolved external symbol _png_read_image referenced in function "public: static class Image __cdecl Image::readFromPngFile(char const *)" (?readFromPngFile@Image@@SA?AV1@PBD@Z)
Image.obj : error LNK2019: unresolved external symbol _png_write_image referenced in function "public: void __thiscall Image::writeToPngFile(char const *)" (?writeToPngFile@Image@@QAEXPBD@Z)
Image.obj : error LNK2019: unresolved external symbol _png_write_end referenced in function "public: void __thiscall Image::writeToPngFile(char const *)" (?writeToPngFile@Image@@QAEXPBD@Z)
Image.obj : error LNK2019: unresolved external symbol _png_init_io referenced in function "public: static class Image __cdecl Image::readFromPngFile(char const *)" (?readFromPngFile@Image@@SA?AV1@PBD@Z)
Image.obj : error LNK2019: unresolved external symbol _png_get_rowbytes referenced in function "public: static class Image __cdecl Image::readFromPngFile(char const *)" (?readFromPngFile@Image@@SA?AV1@PBD@Z)
Image.obj : error LNK2019: unresolved external symbol _png_get_image_width referenced in function "public: static class Image __cdecl Image::readFromPngFile(char const *)" (?readFromPngFile@Image@@SA?AV1@PBD@Z)
Image.obj : error LNK2019: unresolved external symbol _png_get_image_height referenced in function "public: static class Image __cdecl Image::readFromPngFile(char const *)" (?readFromPngFile@Image@@SA?AV1@PBD@Z)
Image.obj : error LNK2019: unresolved external symbol _png_get_bit_depth referenced in function "public: static class Image __cdecl Image::readFromPngFile(char const *)" (?readFromPngFile@Image@@SA?AV1@PBD@Z)
Image.obj : error LNK2019: unresolved external symbol _png_get_color_type referenced in function "public: static class Image __cdecl Image::readFromPngFile(char const *)" (?readFromPngFile@Image@@SA?AV1@PBD@Z)
Image.obj : error LNK2019: unresolved external symbol _png_set_IHDR referenced in function "public: void __thiscall Image::writeToPngFile(char const *)" (?writeToPngFile@Image@@QAEXPBD@Z)
main_OpenCL.obj : error LNK2019: unresolved external symbol _clGetPlatformIDs@12 referenced in function _main
main_OpenCL.obj : error LNK2019: unresolved external symbol _clGetDeviceIDs@24 referenced in function _main
main_OpenCL.obj : error LNK2019: unresolved external symbol _clGetDeviceInfo@20 referenced in function _main
main_OpenCL.obj : error LNK2019: unresolved external symbol _clCreateContext@24 referenced in function _main
main_OpenCL.obj : error LNK2019: unresolved external symbol _clReleaseContext@4 referenced in function _main
main_OpenCL.obj : error LNK2019: unresolved external symbol _clReleaseCommandQueue@4 referenced in function _main
main_OpenCL.obj : error LNK2019: unresolved external symbol _clCreateProgramWithSource@20 referenced in function "struct _cl_program * __cdecl init_kernel_program(struct _cl_context *,struct _cl_device_id *)" (?init_kernel_program@@YAPAU_cl_program@@PAU_cl_context@@PAU_cl_device_id@@@Z)
main_OpenCL.obj : error LNK2019: unresolved external symbol _clReleaseProgram@4 referenced in function "struct _cl_program * __cdecl init_kernel_program(struct _cl_context *,struct _cl_device_id *)" (?init_kernel_program@@YAPAU_cl_program@@PAU_cl_context@@PAU_cl_device_id@@@Z)
main_OpenCL.obj : error LNK2019: unresolved external symbol _clBuildProgram@24 referenced in function "struct _cl_program * __cdecl init_kernel_program(struct _cl_context *,struct _cl_device_id *)" (?init_kernel_program@@YAPAU_cl_program@@PAU_cl_context@@PAU_cl_device_id@@@Z)
main_OpenCL.obj : error LNK2019: unresolved external symbol _clGetProgramBuildInfo@24 referenced in function "struct _cl_program * __cdecl init_kernel_program(struct _cl_context *,struct _cl_device_id *)" (?init_kernel_program@@YAPAU_cl_program@@PAU_cl_context@@PAU_cl_device_id@@@Z)
main_OpenCL.obj : error LNK2019: unresolved external symbol _clCreateKernel@12 referenced in function _main
main_OpenCL.obj : error LNK2019: unresolved external symbol _clReleaseKernel@4 referenced in function _main
main_OpenCL.obj : error LNK2019: unresolved external symbol _clSetKernelArg@16 referenced in function _main
main_OpenCL.obj : error LNK2019: unresolved external symbol _clWaitForEvents@8 referenced in function "class Cl_Buffer_pair __cdecl read_and_fft_pics(struct _cl_context *,struct _cl_command_queue *,int,int)" (?read_and_fft_pics@@YA?AVCl_Buffer_pair@@PAU_cl_context@@PAU_cl_command_queue@@HH@Z)
main_OpenCL.obj : error LNK2019: unresolved external symbol _clReleaseEvent@4 referenced in function "class Cl_Buffer_pair __cdecl read_and_fft_pics(struct _cl_context *,struct _cl_command_queue *,int,int)" (?read_and_fft_pics@@YA?AVCl_Buffer_pair@@PAU_cl_context@@PAU_cl_command_queue@@HH@Z)
main_OpenCL.obj : error LNK2019: unresolved external symbol _clFinish@4 referenced in function "int __cdecl FFT_2D_OpenCL(class Cl_Buffer_pair *,enum clfftDirection_,struct _cl_command_queue *,int,class FFT_OpenCL_data *)" (?FFT_2D_OpenCL@@YAHPAVCl_Buffer_pair@@W4clfftDirection_@@PAU_cl_command_queue@@HPAVFFT_OpenCL_data@@@Z)
Cl_Buffer_pair.obj : error LNK2001: unresolved external symbol _clFinish@4
main_OpenCL.obj : error LNK2019: unresolved external symbol _clEnqueueWriteBuffer@36 referenced in function "class Cl_Buffer_pair __cdecl read_and_fft_pics(struct _cl_context *,struct _cl_command_queue *,int,int)" (?read_and_fft_pics@@YA?AVCl_Buffer_pair@@PAU_cl_context@@PAU_cl_command_queue@@HH@Z)
main_OpenCL.obj : error LNK2019: unresolved external symbol _clEnqueueCopyBuffer@36 referenced in function _main
main_OpenCL.obj : error LNK2019: unresolved external symbol _clEnqueueNDRangeKernel@36 referenced in function _main
main_OpenCL.obj : error LNK2019: unresolved external symbol _clCreateCommandQueue@20 referenced in function _main
main_OpenCL.obj : error LNK2019: unresolved external symbol __imp__clfftSetup referenced in function _main
main_OpenCL.obj : error LNK2019: unresolved external symbol __imp__clfftTeardown referenced in function _main
main_OpenCL.obj : error LNK2019: unresolved external symbol __imp__clfftEnqueueTransform referenced in function "int __cdecl FFT_2D_OpenCL(class Cl_Buffer_pair *,enum clfftDirection_,struct _cl_command_queue *,int,class FFT_OpenCL_data *)" (?FFT_2D_OpenCL@@YAHPAVCl_Buffer_pair@@W4clfftDirection_@@PAU_cl_command_queue@@HPAVFFT_OpenCL_data@@@Z)
Cl_Buffer_pair.obj : error LNK2019: unresolved external symbol _clEnqueueFillBuffer@36 referenced in function "public: int __thiscall Cl_Buffer_pair::Init(struct _cl_context *,struct _cl_command_queue *,unsigned __int64,unsigned int)" (?Init@Cl_Buffer_pair@@QAEHPAU_cl_context@@PAU_cl_command_queue@@_KI@Z)
C:\Users\u0da-win\Documents\VKR\VKR\CL\OpenCL.lib : warning LNK4272: library machine type 'x64' conflicts with target machine type 'x86'
C:\Users\u0da-win\Documents\VKR\VKR\clFFT\lib\clFFT.lib : warning LNK4272: library machine type 'x64' conflicts with target machine type 'x86'
C:\Users\u0da-win\Documents\VKR\VKR\libpng1637\libpng16.lib : warning LNK4272: library machine type 'x64' conflicts with target machine type 'x86'
.\Exe\VKR.exe : fatal error LNK1120: 57 unresolved externals
